... 27 23:50:59 ..... ......: [    0.000000] ..... ....... 5.10.16.3-.........-........-...2 (..-....@..-....) (.86_64-....-.....-... (...) 9.3.0, ... .. (... ........) 2.34.0.20200220) #1 ... ... ... 2 22:23:49 ... 2021
... 27 23:50:59 ..... ......: [    0.000000] ....... ....: ......=\.......... .....=-1 .........._.....=0 .._....=6
... 27 23:50:59 ..... ......: [    0.000000] ...... ......... ....:
... 27 23:50:59 ..... ......: [    0.000000]   ..... ............
... 27 23:50:59 ..... ......: [    0.000000]   ... ............
... 27 23:50:59 ..... ......: [    0.000000]   ....... ............
... 27 23:50:59 ..... ......: [    0.000000] .86/...: .......... ..... ....... 0.001: '.87 ........ ..... .........'
... 27 23:50:59 ..... ......: [    0.000000] .86/...: .......... ..... ....... 0.002: '... .........'
... 27 23:50:59 ..... ......: [    0.000000] .86/...: .......... ..... ....... 0.004: '... .........'
... 27 23:50:59 ..... ......: [    0.000000] .86/...: ......_......[2]:  576, ......_.....[2]:  256
... 27 23:50:59 ..... ......: [    0.000000] .86/...: ....... ...... ........ 0.7, ....... .... .. 832 ....., ..... '.........' .......
... 27 23:50:59 ..... ......: [    0.000000] ....-........ ........ ... ...:
... 27 23:50:59 ..... ......: [    0.000000] ....-.820: [... 0.0000000000000000-0.000000000009....] ......
... 27 23:50:59 ..... ......: [    0.000000] ....-.820: [... 0.00000000000.0000-0.00000000000.0...] ........
... 27 23:50:59 ..... ......: [    0.000000] ....-.820: [... 0.0000000000100000-0.00000000001.....] .... ....
... 27 23:50:59 ..... ......: [    0.000000] ....-.820: [... 0.0000000000200000-0.00000000.7......] ......
... 27 23:50:59 ..... ......: [    0.000000] ....-.820: [... 0.0000000100000000-0.00000003385.....] ......
... 27 23:50:59 ..... ......: [    0.000000] .. (....... .......) ..........: ......
... 27 23:50:59 ..... ......: [    0.000000] ... ... ....... .. ........
... 27 23:50:59 ..... ......: [    0.000000] .......... ........: ......... .....-.
... 27 23:50:59 ..... ......: [    0.000000] .....-.: ........ 0...7., ......... ....: 0.3.8030, ..... 0.40.2., .... 0.20...7.2
... 27 23:50:59 ..... ......: [    0.000000] .....-. .... .....:19041-10.0-2-0.2075
... 27 23:50:59 ..... ......: [    0.000000] .....-.: ..... ..... .........: 0.1.8480
... 27 23:50:59 ..... ......: [    0.000000] .....-.: ..... ......... ... ...... ... .....
... 27 23:50:59 ..... ......: [    0.000000] ...........: ......_..........._..._....: ....: 0................. ..._......: 0.24.6.1710, ..._...._..: 440795202120 ..
... 27 23:50:59 ..... ......: [    0.000002] ...: ........ 3593.251 ... .........
... 27 23:50:59 ..... ......: [    0.000006] .820: ...... [... 0.00000000-0.00000...] ...... ==> ........
... 27 23:50:59 ..... ......: [    0.000008] .820: ...... [... 0.000.0000-0.000.....] ......
... 27 23:50:59 ..... ......: [    0.000010] ...._... = 0.338600 ..._...._... = 0.400000000
... 27 23:50:59 ..... ......: [    0.000033] .... ....... ....: ..........
... 27 23:50:59 ..... ......: [    0.000033] .... ..... ...... .......:
... 27 23:50:59 ..... ......: [    0.000034]   00000-3.... .....-....
... 27 23:50:59 ..... ......: [    0.000034]   40000-7.... ..........
... 27 23:50:59 ..... ......: [    0.000035]   80000-8.... .....-....
... 27 23:50:59 ..... ......: [    0.000035]   90000-..... ..........
... 27 23:50:59 ..... ......: [    0.000036] .... ........ ...... .......:
... 27 23:50:59 ..... ......: [    0.000036]   0 .... 000000000000 .... ....00000000 .....-....
... 27 23:50:59 ..... ......: [    0.000037]   1 .... 000100000000 .... ...000000000 .....-....
... 27 23:50:59 ..... ......: [    0.000037]   2 ........
... 27 23:50:59 ..... ......: [    0.000038]   3 ........
... 27 23:50:59 ..... ......: [    0.000038]   4 ........
... 27 23:50:59 ..... ......: [    0.000038]   5 ........
... 27 23:50:59 ..... ......: [    0.000038]   6 ........
... 27 23:50:59 ..... ......: [    0.000039]   7 ........
... 27 23:50:59 ..... ......: [    0.000048] .86/...: ............. [0-7]: ..  ..  ..- ..  ..  ..  ..- ..  
... 27 23:50:59 ..... ......: [    0.000060] ...._... = 0..8000 ..._...._... = 0.400000000
... 27 23:50:59 ..... ......: [    0.000070] ..... .. ..... ... ...... .......
... 27 23:50:59 ..... ......: [    0.000337] .......: [... 0.03035000-0.03044...]
... 27 23:50:59 ..... ......: [    0.000341] ....: ..... ..... ........ ............ ........
... 27 23:50:59 ..... ......: [    0.000347] ....: .... 0.00000000000.0000 000024 (.02 ......)
... 27 23:50:59 ..... ......: [    0.000350] ....: .... 0.0000000000100000 000044 (.01 ...... ........ 00000001 .... 00000001)
... 27 23:50:59 ..... ......: [    0.000354] ....: .... 0.0000000000101000 000114 (.06 ...... ........ 00000001 .... 00000001)
... 27 23:50:59 ..... ......: [    0.000357] ....: .... 0.00000000001011.8 01.184 (.02 ...... ....01   00000001 .... 05000000)
... 27 23:50:59 ..... ......: [    0.000359] ....: .... 0.0000000000101114 000040
... 27 23:50:59 ..... ......: [    0.000361] ....: ...0 0.0000000000101154 000064 (.01 ...... ........ 00000001 .... 00000001)
... 27 23:50:59 ..... ......: [    0.000363] ....: .... 0.000000000011.33. 000270 (.02 ...... ........ 00000001 .... 00000001)
... 27 23:50:59 ..... ......: [    0.000365] ....: .... 0.000000000011.5.. 000078 (.04 ...... ........ 00000001 .... 00000001)
... 27 23:50:59 ..... ......: [    0.000369] ....: ..... .... ....... 0....00000
... 27 23:50:59 ..... ......: [    0.000549] .... ......:
... 27 23:50:59 ..... ......: [    0.000550]   ...      [... 0.0000000000001000-0.0000000000......]
... 27 23:50:59 ..... ......: [    0.000551]   ...32    [... 0.0000000001000000-0.00000000........]
... 27 23:50:59 ..... ......: [    0.000552]   ......   [... 0.0000000100000000-0.00000003385.....]
... 27 23:50:59 ..... ......: [    0.000553]   ......   .....
... 27 23:50:59 ..... ......: [    0.000553] ....... .... ..... ... .... ....
... 27 23:50:59 ..... ......: [    0.000554] ..... ...... .... ......
... 27 23:50:59 ..... ......: [    0.000554]   ....   0: [... 0.0000000000001000-0.000000000009....]
... 27 23:50:59 ..... ......: [    0.000555]   ....   0: [... 0.0000000000200000-0.00000000.7......]
... 27 23:50:59 ..... ......: [    0.000556]   ....   0: [... 0.0000000100000000-0.00000003385.....]
... 27 23:50:59 ..... ......: [    0.001013] ...... ...... .... .. ........... ......: 31585 .....
... 27 23:50:59 ..... ......: [    0.001015] ....... ..... .... 0 [... 0.0000000000001000-0.00000003385.....]
... 27 23:50:59 ..... ......: [    0.001016] .. .... 0 ..........: 3343519
... 27 23:50:59 ..... ......: [    0.001017]   ... ....: 59 ..... .... ... ......
... 27 23:50:59 ..... ......: [    0.001017]   ... ....: 22 ..... ........
... 27 23:50:59 ..... ......: [    0.001018]   ... ....: 3743 ....., .... .....:0
... 27 23:50:59 ..... ......: [    0.001037]   ...32 ....: 16320 ..... .... ... ......
... 27 23:50:59 ..... ......: [    0.001038]   ...32 ....: 1011712 ....., .... .....:63
... 27 23:50:59 ..... ......: [    0.011886]   ...... ....: 36376 ..... .... ... ......
... 27 23:50:59 ..... ......: [    0.011888]   ...... ....: 2328064 ....., .... .....:63
... 27 23:50:59 ..... ......: [    0.012521] ....: ..... .... ....... 0....00000
... 27 23:50:59 ..... ......: [    0.012526] ....: ....._... (...._..[0.01] ... ... ....[0.1])
... 27 23:50:59 ..... ......: [    0.012820] ......[0]: ...._.. 6, ....... 17, ....... 0....00000, ... 0-23
... 27 23:50:59 ..... ......: [    0.012823] ....: ..._..._... (... 0 ..._... 9 ......_... 9 .... .....)
... 27 23:50:59 ..... ......: [    0.012825] ....: ...9 .... .. .........
... 27 23:50:59 ..... ......: [    0.012826] ..... .... (....) ... ... ............. ...........
... 27 23:50:59 ..... ......: [    0.012832] .......: ........ 6 ...., 0 ....... ....
... 27 23:50:59 ..... ......: [    0.012843] [... 0..8000000-0.........] ......... ... ... .......
... 27 23:50:59 ..... ......: [    0.012844] ....... ............... ...... .. .....-.
... 27 23:50:59 ..... ......: [    0.012845] ...........: .......-.......: ....: 0......... ..._......: 0........., ..._...._..: 19112604462750000 ..
... 27 23:50:59 ..... ......: [    0.017104] ....._......: .._....:256 .._......._....:256 .._..._...:6 .._...._...:1
... 27 23:50:59 ..... ......: [    0.017467] ......: ........ 52 ...../... .173272 .8192 .31528 .262144
... 27 23:50:59 ..... ......: [    0.017471] ....-.....: .173272 .8192 .31528 .262144 .....=1*2097152
... 27 23:50:59 ..... ......: [    0.017472] ....-.....: [0] 0 1 2 3 4 5 - - 
... 27 23:50:59 ..... ......: [    0.017485] ..... 1 ........., ........ ........ ...  ..... .....: 3290742
... 27 23:50:59 ..... ......: [    0.017487] ...... ....... ....: ......=\.......... .....=-1 .........._.....=0 .._....=6
... 27 23:50:59 ..... ......: [    0.020044] ...... ..... .... ..... .......: 2097152 (.....: 12, 16777216 ....., ......)
... 27 23:50:59 ..... ......: [    0.021427] .....-..... .... ..... .......: 1048576 (.....: 11, 8388608 ....., ......)
... 27 23:50:59 ..... ......: [    0.021459] ... ....-....: .....:..., .... .....:..., .... ....:...
... 27 23:50:59 ..... ......: [    0.038631] ......: 4094124./13374076. ......... (16403. ...... ...., 2459. ......, 3464. ......, 1444. ...., 1164. ..., 335716. ........, 0. ...-........)
... 27 23:50:59 ..... ......: [    0.038655] ....: .......=64, .....=0-3, ..........=0, ....=6, .....=1
... 27 23:50:59 ..... ......: [    0.038661] ......: .......... 49613 ....... .. 194 .....
... 27 23:50:59 ..... ......: [    0.050704] ......: ......... 194 ..... .... 3 ......
... 27 23:50:59 ..... ......: [    0.050934] ...: ............ ... ...............
... 27 23:50:59 ..... ......: [    0.050935] ...: 	... ........... .... .... .._....=256 .. .._..._...=6.
... 27 23:50:59 ..... ......: [    0.050936] 	.... ....... .. ..... ... ........
... 27 23:50:59 ..... ......: [    0.050936] 	....... ....... .. ..... ... ........
... 27 23:50:59 ..... ......: [    0.050937] ...: ... .......... ..... .. .........-.......... ..... .. 10 ........
... 27 23:50:59 ..... ......: [    0.050937] ...: ......... ........ ... ..._......_....=16, .._..._...=6
... 27 23:50:59 ..... ......: [    0.053324] ..... .... ...... ...
... 27 23:50:59 ..... ......: [    0.053325] .._....: 16640, .._....: 472, ............ ....: 0
... 27 23:50:59 ..... ......: [    0.053686] ......: .... .... (........ ...'. ............)
... 27 23:50:59 ..... ......: [    0.053703] .......: ...... ..... ...... 80.25
... 27 23:50:59 ..... ......: [    0.053708] ......: ....... [...0] .......
... 27 23:50:59 ..... ......: [    0.053711] ....: .... ........ 20200925
... 27 23:50:59 ..... ......: [    0.053800] ...... .. ........ ...... ..... .........
... 27 23:50:59 ..... ......: [    0.053800] ....: ...... .. ......... ./. .... .....
... 27 23:50:59 ..... ......: [    0.053812] .....-.: ..... ... ..........
... 27 23:50:59 ..... ......: [    0.053813] .....-.: ..... ........... .... (..... ....)
... 27 23:50:59 ..... ......: [    0.054116] ...........: ...-.....: ....: 0................. ..._......: 0.33..6.8595., ..._...._..: 440795204037 ..
... 27 23:50:59 ..... ......: [    0.054119] ........... ..... .... (.......), ..... .......... ..... ..... ........... 7186.50 ........ (...=35932510)
... 27 23:50:59 ..... ......: [    0.054121] ..._...: .......: 32768 .......: 301
... 27 23:50:59 ..... ......: [    0.054128] ...: ........ ......... ............
... 27 23:50:59 ..... ......: [    0.054147] .....-..... .... ..... .......: 32768 (.....: 6, 262144 ....., ......)
... 27 23:50:59 ..... ......: [    0.054163] ..........-..... .... ..... .......: 32768 (.....: 6, 262144 ....., ......)
... 27 23:50:59 ..... ......: [    0.054358] .86/...: .... .... ........... .......... (....) .........
... 27 23:50:59 ..... ......: [    0.054375] .... ..... .... .......: 4.. 1024, 2.. 1024, 4.. 512
... 27 23:50:59 ..... ......: [    0.054375] .... ..... .... .......: 4.. 2048, 2.. 2048, 4.. 1024, 1.. 0
... 27 23:50:59 ..... ......: [    0.054377] ....... .1 : ..........: ......../...... ........ ... __.... ....... ............
... 27 23:50:59 ..... ......: [    0.054378] ....... .2 : ..........: .... ... .........
... 27 23:50:59 ..... ......: [    0.054378] ....... .2 : ....... .2 / .......... ..........: ....... ... .. ....... ......
... 27 23:50:59 ..... ......: [    0.054379] ....... .2 : ..........: ........ ........... ........ ...... .......... .......
... 27 23:50:59 ..... ......: [    0.054380] ........... ..... ......: ..........: ........... ..... ...... ........ ... ..... ... .......
... 27 23:50:59 ..... ......: [    0.054491] ....... ... ............ ......: 52.
... 27 23:50:59 ..... ......: [    0.054559] .......: ...0: ... ..... 5 3500 6-.... ......... (......: 0.17, .....: 0.71, ........: 0.0)
... 27 23:50:59 ..... ......: [    0.054619] ........... ......: ... ... ......... ... .. .............., ..... ........ ...... .....
... 27 23:50:59 ..... ......: [    0.054721] ...: ............ .... ...............
... 27 23:50:59 ..... ......: [    0.055013] ...: ........ .. ......... .... ...
... 27 23:50:59 ..... ......: [    0.055056] .86: ....... ... .............:
... 27 23:50:59 ..... ......: [    0.055057] .... ....  #0, ....:      #1 #2 #3 #4 #5
... 27 23:50:59 ..... ......: [    0.055568] ...: ....... .. 1 ...., 6 ....
... 27 23:50:59 ..... ......: [    0.055568] .......: ... ....... ........: 1
... 27 23:50:59 ..... ......: [    0.055568] .......: ..... .. 6 .......... ......... (43119.01 ........)
... 27 23:50:59 ..... ......: [    0.068882] .... 0 ........ ..... ........... .. 10..
... 27 23:50:59 ..... ......: [    0.068908] ........: ...........
... 27 23:50:59 ..... ......: [    0.068908] .86/..: ...... ..... ....: 128..
... 27 23:50:59 ..... ......: [    0.068908] ...........: .......: ....: 0......... ..._......: 0........., ..._...._..: 19112604462750000 ..
... 27 23:50:59 ..... ......: [    0.068908] ..... .... ..... .......: 2048 (.....: 5, 131072 ....., ......)
... 27 23:50:59 ..... ......: [    0.068908] ...: .......... ........ ...... 16
... 27 23:50:59 ..... ......: [    0.068908] ......._...: .......... ....... ........ '...._....'
... 27 23:50:59 ..... ......: [    0.068908] .......: ..... ........ ....
... 27 23:50:59 ..... ......: [    0.068908] ....: ... .... ... ..........
... 27 23:50:59 ..... ......: [    0.068908] ...: .....: .. ...... ..... ...... ........ .....
... 27 23:50:59 ..... ......: [    0.068908] ....... .......... 1.00 ... .... ...., ...-......... 0 .....
... 27 23:50:59 ..... ......: [    0.068908] ....... .......... 2.00 ... .... ...., ...-......... 0 .....
... 27 23:50:59 ..... ......: [    0.074153] ....6: .... .. ......... ... ..... ......... ...2.4
... 27 23:50:59 ..... ......: [    0.074153] ....6: ..... ...2.2 ........ .........
... 27 23:50:59 ..... ......: [    0.074153] ....: ..... _...(...... ......)
... 27 23:50:59 ..... ......: [    0.074153] ....: ..... _...(......... ......)
... 27 23:50:59 ..... ......: [    0.074153] ....: ..... _...(3.0 _... ..........)
... 27 23:50:59 ..... ......: [    0.074153] ....: ..... _...(......... .......... ......)
... 27 23:50:59 ..... ......: [    0.074153] ....: ..... _...(.....-....-.....)
... 27 23:50:59 ..... ......: [    0.074153] ....: ..... _...(.....-......-..-....-.....)
... 27 23:50:59 ..... ......: [    0.074154] ....: ..... _...(.....-...-......-........)
... 27 23:50:59 ..... ......: [    0.077514] ....: 1 .... ... ...... ............ ........ ... ......
... 27 23:50:59 ..... ......: [    0.078165] ....: ........... .......
... 27 23:50:59 ..... ......: [    0.078168] ....: (........ .0 .5)
... 27 23:50:59 ..... ......: [    0.078169] ....: ..... ...... ... ......... .......
... 27 23:50:59 ..... ......: [    0.078174] ...: ..... .... ...... ....... .... ....; .. ........., ... "...=....." ... ...... . ...
... 27 23:50:59 ..... ......: [    0.078232] ....: ....... 1 .... .. ..... 00 .. 0.
... 27 23:50:59 ..... ......: [    0.078688] .....: ....... ...... ....: .......... 
... 27 23:50:59 ..... ......: [    0.078737] .... ......... ...........
... 27 23:50:59 ..... ......: [    0.078762] .._.....: ..... .......:5.2
... 27 23:50:59 ..... ......: [    0.078762] ...: ..... .... ... ... .......
... 27 23:50:59 ..... ......: [    0.078762] ...: ...... .... ... ....... ...
... 27 23:50:59 ..... ......: [    0.078762] ...........: ........ .. ........... ...-.....
... 27 23:50:59 ..... ......: [    0.078762] .._.....: ....... ....: .376.1.3-.276-48.2-90.9-.04748072.60
... 27 23:50:59 ..... ......: [    0.078762] .._.....: ....... ....: 6.382.18-3336-4.4.-...4-2.7703.4..4.
... 27 23:50:59 ..... ......: [    0.078762] .._.....: ....... ....: ...9...0-5060-4436-9448-..1254.5.177
... 27 23:50:59 ..... ......: [    0.167977] ...: .... ...... ....._6.6.0
... 27 23:50:59 ..... ......: [    0.167985] ...: .....-..... .... ..... .......: 512 (..... 0, 4096 .....)
... 27 23:50:59 ..... ......: [    0.167999] ..-.....: ......
... 27 23:50:59 ..... ......: [    0.168044] ...: ... .... ....
... 27 23:50:59 ..... ......: [    0.168084] ... 00:00: .... ... .... .... ......, ... ...0.00 (......)
... 27 23:50:59 ..... ......: [    0.168098] ...: ... ....: ..... 1 .......
... 27 23:50:59 ..... ......: [    0.171474] ...: .......... ........ ...... 2
... 27 23:50:59 ..... ......: [    0.171642] ..._......_........_.... .... ..... .......: 8192 (.....: 5, 131072 ....., ......)
... 27 23:50:59 ..... ......: [    0.171653] ... ........... .... ..... .......: 131072 (.....: 8, 1048576 ....., ......)
... 27 23:50:59 ..... ......: [    0.171755] ... .... .... ..... .......: 65536 (.....: 8, 1048576 ....., ......)
... 27 23:50:59 ..... ......: [    0.171996] ...: .... ...... .......... (........... 131072 .... 65536)
... 27 23:50:59 ..... ......: [    0.172014] ... .... ..... .......: 8192 (.....: 6, 262144 ....., ......)
... 27 23:50:59 ..... ......: [    0.172034] ...-.... .... ..... .......: 8192 (.....: 6, 262144 ....., ......)
... 27 23:50:59 ..... ......: [    0.172067] ...: .......... ........ ...... 1
... 27 23:50:59 ..... ......: [    0.172310] ...: .......... ..... .... ...... ......... .......
... 27 23:50:59 ..... ......: [    0.172311] ...: .......... ... ......... .......
... 27 23:50:59 ..... ......: [    0.172311] ...: .......... ... ......... .......
... 27 23:50:59 ..... ......: [    0.172312] ...: .......... ... ....4.1 ........... ......... .......
... 27 23:50:59 ..... ......: [    0.172313] ...: ... 0 ....., ....... 64
... 27 23:50:59 ..... ......: [    0.172350] ...... .. ...... ...... ..... .. ............
... 27 23:50:59 ..... ......: [    0.172441] ....... ...... ......: 64.
... 27 23:50:59 ..... ......: [    0.172443] ...-...: ..... ........ ...... ......... ... .. (.......)
... 27 23:50:59 ..... ......: [    0.172444] ........ .. ...: ...... [... 0.00000000.4000000-0.00000000.8000000] (64..)
... 27 23:50:59 ..... ......: [    0.172792] ...: .. ........ .......
... 27 23:50:59 ..... ......: [    0.172793] ..._...: ... ... .........
... 27 23:50:59 ..... ......: [    0.172793] ...: .. ........ .......
... 27 23:50:59 ..... ......: [    0.174239] .......... ...... ....... ........
... 27 23:50:59 ..... ......: [    0.174323] ..........: ........._....=46 ..._.....=22 ......_.....=0
... 27 23:50:59 ..... ......: [    0.175010] ........: ....... 4.0 (2009/01/31) ....... .......
... 27 23:50:59 ..... ......: [    0.175134] ...: ........... ... .._........ ... ....
... 27 23:50:59 ..... ......: [    0.175139] ... .... .._........ ..........
... 27 23:50:59 ..... ......: [    0.175140] ... .... .._...... ..........
... 27 23:50:59 ..... ......: [    0.175141] .......... ..... (......... (.) 1996 ....@............).
... 27 23:50:59 ..... ......: [    0.175591] ... .... .......... ..........
... 27 23:50:59 ..... ......: [    0.175641] ....: .... (... ....... 7.32)
... 27 23:50:59 ..... ......: [    0.175749] ... ... .... ...., ........ .........., ........, ....., ......, ....., .. ..... .......
... 27 23:50:59 ..... ......: [    0.175985] 9.: .......... .9.. 9.2000 .... ...... .......
... 27 23:50:59 ..... ......: [    0.175991] ..-.....: ..... '9.' .......... ... .......
... 27 23:50:59 ..... ......: [    0.176017] ..-.....: ..... '....' .......... ... .......
... 27 23:50:59 ..... ......: [    0.176019] ....: ...... (... ..... 32)
... 27 23:50:59 ..... ......: [    0.178651] ...: .......... ........ ...... 38
... 27 23:50:59 ..... ......: [    0.178653] ...: ............. ..... .... ............ ........   ...       
... 27 23:50:59 ..... ......: [    0.178654] ... .... .......... ..........
... 27 23:50:59 ..... ......: [    0.178655] .......... ... ...... '.509' ..........
... 27 23:50:59 ..... ......: [    0.178661] ..... ..... .... ....... (...) ...... ....... 0.4 ...... (..... 250)
... 27 23:50:59 ..... ......: [    0.178893] .._.....: ........... ...... .._...
... 27 23:50:59 ..... ......: [    0.179110] .._... 5757.165-..6.-483.-.094-..18.79..352: ... ..... .......: ..... ....... 0.10003
... 27 23:50:59 ..... ......: [    0.179751] .._... 5757.165-..6.-483.-.094-..18.79..352: ... .... ...... .. ... ..6.:00
... 27 23:50:59 ..... ......: [    0.180101] ... ..6.:00:00.0: [1414:008.] .... 00 ..... 0.030200
... 27 23:50:59 ..... ......: [    0.184395] ......: 8250/16550 ......, 4 ....., ... ....... ........
... 27 23:50:59 ..... ......: [    0.184677] ...-........ ...... ...... .1.3
... 27 23:50:59 ..... ......: [    0.186294] ...: ...... ......
... 27 23:50:59 ..... ......: [    0.186947] ....: ...... ......
... 27 23:50:59 ..... ......: [    0.186989] .._.....: ........... ...... .._.......
... 27 23:50:59 ..... ......: [    0.187324] .........: ......... 1.0.0 ....... ... ................. ... ............
... 27 23:50:59 ..... ......: [    0.187325] .........: ......... (.) 2015-2019 ..... .. ......... <.....@..2.4....>. ... ...... .........
... 27 23:50:59 ..... ......: [    0.187337] ...: ......... .../... ...... ......, 1.6
... 27 23:50:59 ..... ......: [    0.187397] ... ....... ...... ....... 2.4.2
... 27 23:50:59 ..... ......: [    0.187455] ... ... ........... ...... ..........
... 27 23:50:59 ..... ......: [    0.187456] ... ....... ........... ...... ..........
... 27 23:50:59 ..... ......: [    0.187458] ... .... ........... ...... ..........
... 27 23:50:59 ..... ......: [    0.187459] ...: .......... ........ ...... 24
... 27 23:50:59 ..... ......: [    0.187470] .._.....: ........... ...... .._......
... 27 23:50:59 ..... ......: [    0.188246] .... ....0: ......._...._.
... 27 23:50:59 ..... ......: [    0.195649] .... - .... ..... ....-...... .......: 0.3
... 27 23:50:59 ..... ......: [    0.195767] .._.....: ........... ...... ......_........
... 27 23:50:59 ..... ......: [    0.195915] ..._.... 00:00: ... ... .... .... .4
... 27 23:50:59 ..... ......: [    0.197073] ..._.... 00:00: .......... .. ...0
... 27 23:50:59 ..... ......: [    0.197322] ..._.... 00:00: ....... ...... ..... .. 2023-02-27.15:51:59 ... (1677513119)
... 27 23:50:59 ..... ......: [    0.197332] ..._.... 00:00: ...... .. .. ... ....., 114 ..... .....
... 27 23:50:59 ..... ......: [    0.197510] ......-......: .....: 4.43.0-..... (2020-10-01) ...........: ..-.....@..........
... 27 23:50:59 ..... ......: [    0.197609] ......-......: ....: ....... ...... ....... 1.15.1
... 27 23:50:59 ..... ......: [    0.197662] .._.....: ........... ...... ....... ......
... 27 23:50:59 ..... ......: [    0.197663] .._.....: ........... ...... .._.....
... 27 23:50:59 ..... ......: [    0.197685] .._.....: ........... ...... .._.......
... 27 23:50:59 ..... ......: [    0.197708] .._.....: ........... ...... .......
... 27 23:50:59 ..... ......: [    0.197710] .._.....: ...... ........ ... .....: 0
... 27 23:50:59 ..... ......: [    0.197728] (.... ...... *): ....: ..._..._....  .......: 2103
... 27 23:50:59 ..... ......: [    0.198052] .._.....: ........ .. ....... 4.0
... 27 23:50:59 ..... ......: [    0.198056] .._.......: ..... ....... ...... ........ ....... 2.0
... 27 23:50:59 ..... ......: [    0.198186] ...._.......: ............ ....... .... ....... .......
... 27 23:50:59 ..... ......: [    0.198469] ....../........ ...... ..
... 27 23:50:59 ..... ......: [    0.198481] .... .... ......... .......
... 27 23:50:59 ..... ......: [    0.198482] .._.......: .... ...... ....... .... .......
... 27 23:50:59 ..... ......: [    0.198596] (.... ...... *): ....: .... ......... .00000000  200000000 .00000000 .........
... 27 23:50:59 ..... ......: [    0.198826] ....: .......... ......... (..., ...)
... 27 23:50:59 ..... ......: [    0.198839] ....: .......... .... ..... .......... (....=4096, ......=64......)
... 27 23:50:59 ..... ......: [    0.198862] ....: .... .......
... 27 23:50:59 ..... ......: [    0.198863] ....: [..] ......... ...........
... 27 23:50:59 ..... ......: [    0.198863] ....: [...] ......... ...........
... 27 23:50:59 ..... ......: [    0.198864] ....: [..] ......... ...........
... 27 23:50:59 ..... ......: [    0.198889] ....: ...4 ... .... .... ...4 ......... ......
... 27 23:50:59 ..... ......: [    0.199779] ..._.........: ......... ....... 0.8 ...... ............
... 27 23:50:59 ..... ......: [    0.200041] ............ .... ....... ......
... 27 23:50:59 ..... ......: [    0.200081] ...: .......... ........ ...... 10
... 27 23:50:59 ..... ......: [    0.200299] ....... ....... .... ...6
... 27 23:50:59 ..... ......: [    0.200987] ...: ...6, ...4 ... .... .... ...4 ......... ......
... 27 23:50:59 ..... ......: [    0.201051] ...: .......... ........ ...... 17
... 27 23:50:59 ..... ......: [    0.201063] ...... ........... ..........
... 27 23:50:59 ..... ......: [    0.201068] 8021.: 802.1. .... ....... .1.8
... 27 23:50:59 ..... ......: [    0.201080] ....: .... ...... .......... (.... 256/256)
... 27 23:50:59 ..... ......: [    0.201113] 9....: .......... 9.2000 .......
... 27 23:50:59 ..... ......: [    0.201125] ... .... ..._........ ..........
... 27 23:50:59 ..... ......: [    0.201128] ... .... .... ..........
... 27 23:50:59 ..... ......: [    0.201229] .......: ...... (.../... ..... 15/24)
... 27 23:50:59 ..... ......: [    0.201284] ...: .......... ........ ...... 40
... 27 23:50:59 ..... ......: [    0.201285] .._.....: ........... ...... .._....
... 27 23:50:59 ..... ......: [    0.201307] ... ......... .........: .......
... 27 23:50:59 ..... ......: [    0.201313] ....._.....: ....... ...... (200753692, 520300)->(208961500, -7687508)
... 27 23:50:59 ..... ......: [    0.201486] .......... ......... ....... 1
... 27 23:50:59 ..... ......: [    0.201493] ....... ........-.. ..509 ............
... 27 23:50:59 ..... ......: [    0.201653] ..... ......, ...32.=...32.-.......
... 27 23:50:59 ..... ......: [    0.202599] ....... ...... ...... ..... (.......) ......: 1444.
... 27 23:50:59 ..... ......: [    0.244149] ..... .......... ... ...... ....-.... ....: 22528.
... 27 23:50:59 ..... ......: [    0.244680] ....... ...... ...... ..... (..../...... ...) ......: 2028.
... 27 23:50:59 ..... ......: [    0.244871] ....... ...... ...... ..... (....../.... ...) ......: 632.
... 27 23:50:59 ..... ......: [    0.244874] ... /.... .. .... .......
... 27 23:50:59 ..... ......: [    0.244874]   .... .........:
... 27 23:50:59 ..... ......: [    0.244875]     /....
... 27 23:50:59 ..... ......: [    0.244875]   .... ...........:
... 27 23:50:59 ..... ......: [    0.244875]     ....=/
... 27 23:50:59 ..... ......: [    0.244875]     ....=.....
... 27 23:50:59 ..... ......: [    0.503426] .... 0:0:0:0: ......-......     ....     ....... ....     1.0  ..: 0 ....: 5
... 27 23:50:59 ..... ......: [    0.503791] .. 0:0:0:0: ........ .... ....... ..0 .... 0
... 27 23:50:59 ..... ......: [    0.504527] .. 0:0:0:0: [...] 536870912 512-.... ....... ......: (275 ../256 ...)
... 27 23:50:59 ..... ......: [    0.504528] .. 0:0:0:0: [...] 4096-.... ........ ......
... 27 23:50:59 ..... ......: [    0.504601] .. 0:0:0:0: [...] ..... ....... .. ...
... 27 23:50:59 ..... ......: [    0.504602] .. 0:0:0:0: [...] .... .....: 0. 00 00 00
... 27 23:50:59 ..... ......: [    0.504860] .. 0:0:0:0: [...] ..... .....: ......., .... .....: ......., .....'. ....... ... .. ...
... 27 23:50:59 ..... ......: [    0.818689] ...4-.. (...): ....... .......... .... ....... .... ..... ....: .......,......=.......-..,....=.......
... 27 23:50:59 ..... ......: [    0.854348] .. 0:0:0:0: [...] ........ .... ....
... 27 23:50:59 ..... ......: [    1.174167] ...........: ...: ....: 0................. ..._......: 0.33..6.8595., ..._...._..: 440795204037 ..
... 27 23:50:59 ..... ......: [    1.174305] ...........: ........ .. ........... ...
... 27 23:50:59 ..... ......: [    1.254189] ...6: ........(......_......): ...0: .... ....... .....
... 27 23:50:59 ..... ......: [    1.634153] ...... 4194304. .... .. /..../.....  ........:-2 .......:3 ......:4210688. 
... 27 23:50:59 ..... ......: [    2.904268] .... 0:0:0:1: ......-......     ....     ....... ....     1.0  ..: 0 ....: 5
... 27 23:50:59 ..... ......: [    2.904527] .. 0:0:0:1: ........ .... ....... ..1 .... 0
... 27 23:50:59 ..... ......: [    2.904993] .. 0:0:0:1: [...] 536870912 512-.... ....... ......: (275 ../256 ...)
... 27 23:50:59 ..... ......: [    2.904994] .. 0:0:0:1: [...] 4096-.... ........ ......
... 27 23:50:59 ..... ......: [    2.905082] .. 0:0:0:1: [...] ..... ....... .. ...
... 27 23:50:59 ..... ......: [    2.905084] .. 0:0:0:1: [...] .... .....: 0. 00 00 00
... 27 23:50:59 ..... ......: [    2.905213] .. 0:0:0:1: [...] ..... .....: ......., .... .....: ......., .....'. ....... ... .. ...
... 27 23:50:59 ..... ......: [    2.913270] .. 0:0:0:1: [...] ........ .... ....
... 27 23:50:59 ..... ......: [    2.976525] ...4-.. (...): ....... .......... .... ....... .... ..... ....: .......,......=.......-..,....=.......
... 27 23:50:59 ..... ......: [    3.659795] ..-.....: ......... ...... ........
... 27 23:50:59 ..... ......: [    3.659797] ..-.....: .-...... .=000000009.2.5953 [.=0000000071....1. ..=222 ..=0 ..=1]
... 27 23:50:59 ..... ......: [    3.659798] ..-.....: .-...... .=00000000..75.4.9 .=00000000606..9.9
... 27 23:50:59 ..... ......: [    3.659798] ..-.....: .-...=[10] '34323934393337363536'
... 27 23:50:59 ..... ......: [    3.659801] ..-.....: .-...... .=000000005.2.3471 [.=0000000071....1. ..=2 ..=0 ..=1]
... 27 23:50:59 ..... ......: [    3.659802] ..-.....: .-...... .=00000000..75.4.9 .=00000000.0..7960
... 27 23:50:59 ..... ......: [    3.659802] ..-.....: .-...=[10] '34323934393337363536'
... 27 23:50:59 ..... ......: [    3.660920] ..-.....: ......... ...... ........
... 27 23:50:59 ..... ......: [    3.660922] ..-.....: .-...... .=000000009.2.5953 [.=0000000071....1. ..=222 ..=0 ..=1]
... 27 23:50:59 ..... ......: [    3.660922] ..-.....: .-...... .=00000000..75.4.9 .=00000000606..9.9
... 27 23:50:59 ..... ......: [    3.660923] ..-.....: .-...=[10] '34323934393337363536'
... 27 23:50:59 ..... ......: [    3.660925] ..-.....: .-...... .=000000005.2.3471 [.=0000000071....1. ..=2 ..=0 ..=1]
... 27 23:50:59 ..... ......: [    3.660926] ..-.....: .-...... .=00000000..75.4.9 .=00000000154.4.69
... 27 23:50:59 ..... ......: [    3.660926] ..-.....: .-...=[10] '34323934393337363536'
... 27 23:50:59 ..... ......: [    3.696181] ..-.....: ......... ...... ........
... 27 23:50:59 ..... ......: [    3.696183] ..-.....: .-...... .=00000000...61..1 [.=0000000071....1. ..=222 ..=0 ..=1]
... 27 23:50:59 ..... ......: [    3.696183] ..-.....: .-...... .=00000000..75.4.9 .=000000003...346.
... 27 23:50:59 ..... ......: [    3.696184] ..-.....: .-...=[10] '34323934393337363630'
... 27 23:50:59 ..... ......: [    3.696187] ..-.....: .-...... .=00000000340..608 [.=0000000071....1. ..=2 ..=0 ..=1]
... 27 23:50:59 ..... ......: [    3.696187] ..-.....: .-...... .=00000000..75.4.9 .=0000000029.....1
... 27 23:50:59 ..... ......: [    3.696188] ..-.....: .-...=[10] '34323934393337363630'
... 27 23:50:59 ..... ......: [   49.063685] .._.......: .... ....... ...... ....: 13062 ..
... 27 23:50:59 ..... ......: [   61.505471] ...2: .......... ...... ...........
... 27 23:50:59 ..... ......: [ 1977.942476] .._.....: ........ .. ....... 4.0
... 27 23:50:59 ..... ......: [ 2193.592499] ...: ...0: ...... ... ....... ... .............., ... ........... ... .. ............
... 27 23:50:59 ..... ......: [ 2222.514076] ...2: .......... ...... ...........
... 27 23:50:59 ..... ......: [ 2283.518305] ...2: .......... ...... ...........
... 27 23:50:59 ..... ......: [ 2344.568189] ...2: .......... ...... ...........
... 27 23:50:59 ..... ......: [ 2405.575334] ...2: .......... ...... ...........
... 27 23:50:59 ..... ......: [ 2466.585913] ...2: .......... ...... ...........
... 27 23:50:59 ..... ......: [ 2527.590930] ...2: .......... ...... ...........
... 27 23:50:59 ..... ......: [ 2588.611692] ...2: .......... ...... ...........
... 27 23:51:00 ..... ........: ........'. ....... ....... .. 110
... 27 23:51:00 ..... ........: ........'. ...... ....... .. 104
... 27 23:51:00 ..... ........: [...... ........="........" .........="8.2001.0" .-...="1282" .-....=".....://..............."] .....
... 27 23:52:00 ..... ......: [ 2649.634618] ...2: .......... ...... ...........
